2013-08-21T16:49:36-03:00 ALERT (1): A possible attack has been detected by ZeSecurity IDS:
IP: 127.0.0.1
Date: 2013-08-21T16:49:36-03:00
URI: /user/login
Tags: xss csrf sqli id lfi rfe
Actions taken: log, notify, clean_session, redirect
Origin: 127.0.0.1
Raised By:
POST.identity=''<?php die("hola")?>##;, POST.credential=''<?php die("hola")?>##;

2013-08-21T16:49:46-03:00 ALERT (1): A possible attack has been detected by ZeSecurity IDS:
IP: 127.0.0.1
Date: 2013-08-21T16:49:46-03:00
URI: /user/login
Tags: xss csrf sqli id lfi rfe
Actions taken: log, notify, clean_session, redirect
Origin: 127.0.0.1
Raised By:
POST.identity=''<?php die("hola")?>##;, POST.credential=''<?php die("hola")?>##;''<?php die("hola")?>##;

2013-08-22T11:39:52-03:00 ALERT (1): A possible attack has been detected by ZeSecurity IDS:
IP: 127.0.0.1
Date: 2013-08-22T11:39:52-03:00
URI: /ocra_service_manager_yuml
Tags: xss csrf id rfe sqli
Actions taken: log
Origin: 127.0.0.1
Raised By:
POST.dsl_text=[Application.Entity.Role|+id;roleId]-parent 1>[Application.Entity.Role|+id;roleId],[Application.Entity.User|+id;username;email;displayName;password;estado]-roles *>[Application.Entity.Role|+id;roleId],[Application.Entity.User|+id;username;email;displayName;password;estado]<usuario 1-usuario *<>[Application.Entity.UserGrupoTrabajoReference|+id],[Application.Entity.User|+id;username;email;displayName;password;estado]<usuario 1-grupos *<>[Application.Entity.UserGrupoTrabajoReference|+id],[Application.Entity.UserGrupoTrabajoReference|+id]<>grupo *-grupo 1>[Application.Entity.GrupoTrabajo|+id;nombre;descripcion;fecha_creacion;fecha_modificado;estado],[Application.Entity.GrupoTrabajo|+id;nombre;descripcion;fecha_creacion;fecha_modificado;estado]-usuario_c 1>[Application.Entity.User|+id;username;email;displayName;password;estado],[Application.Entity.GrupoTrabajo|+id;nombre;descripcion;fecha_creacion;fecha_modificado;estado]-usuario_m 1>[Application.Entity.User|+id;username;email;displayName;password;estado],[Application.Entity.GrupoTrabajo|+id;nombre;descripcion;fecha_creacion;fecha_modificado;estado]<grupo 1-usuario *<>[Application.Entity.UserGrupoTrabajoReference|+id],[Application.Entity.Boletin|+id;titulo;fecha_creacion;fecha_modificado;estado]-usuario_c 1>[Application.Entity.User|+id;username;email;displayName;password;estado],[Application.Entity.Boletin|+id;titulo;fecha_creacion;fecha_modificado;estado]-usuario_m 1>[Application.Entity.User|+id;username;email;displayName;password;estado],[Application.Entity.Boletin|+id;titulo;fecha_creacion;fecha_modificado;estado]<>grupo *-grupo 1>[Application.Entity.GrupoTrabajo|+id;nombre;descripcion;fecha_creacion;fecha_modificado;estado],[Application.Entity.Boletin|+id;titulo;fecha_creacion;fecha_modificado;estado]<boletin 1-boletin *<>[Application.Entity.NoticiaBoletinReference|+id;posicion],[Application.Entity.Boletin|+id;titulo;fecha_creacion;fecha_modificado;estado]<boletin 1-noticia *<>[Application.Entity.NoticiaBoletinReference|+id;posicion],[Application.Entity.Boletin|+id;titulo;fecha_creacion;fecha_modificado;estado]-plantilla 1>[Application.Entity.Plantilla|+id;nombre;descripcion;estado;ruta],[Application.Entity.Noticia|+id;tipo;titulo;cuerpo;fecha_creacion;fecha_modificado;estado]-usuario_c 1>[Application.Entity.User|+id;username;email;displayName;password;estado],[Application.Entity.Noticia|+id;tipo;titulo;cuerpo;fecha_creacion;fecha_modificado;estado]-usuario_m 1>[Application.Entity.User|+id;username;email;displayName;password;estado],[Application.Entity.Noticia|+id;tipo;titulo;cuerpo;fecha_creacion;fecha_modificado;estado]<>grupo *-grupo 1>[Application.Entity.GrupoTrabajo|+id;nombre;descripcion;fecha_creacion;fecha_modificado;estado],[Application.Entity.Noticia|+id;tipo;titulo;cuerpo;fecha_creacion;fecha_modificado;estado]<noticia 1-noticia *<>[Application.Entity.NoticiaBoletinReference|+id;posicion]

2013-08-22T11:41:24-03:00 ALERT (1): A possible attack has been detected by ZeSecurity IDS:
IP: 127.0.0.1
Date: 2013-08-22T11:41:24-03:00
URI: /ocra_service_manager_yuml
Tags: xss csrf id rfe sqli
Actions taken: log, redirect
Origin: 127.0.0.1
Raised By:
POST.dsl_text=[Application.Entity.Role|+id;roleId]-parent 1>[Application.Entity.Role|+id;roleId],[Application.Entity.User|+id;username;email;displayName;password;estado]-roles *>[Application.Entity.Role|+id;roleId],[Application.Entity.User|+id;username;email;displayName;password;estado]<usuario 1-usuario *<>[Application.Entity.UserGrupoTrabajoReference|+id],[Application.Entity.User|+id;username;email;displayName;password;estado]<usuario 1-grupos *<>[Application.Entity.UserGrupoTrabajoReference|+id],[Application.Entity.UserGrupoTrabajoReference|+id]<>grupo *-grupo 1>[Application.Entity.GrupoTrabajo|+id;nombre;descripcion;fecha_creacion;fecha_modificado;estado],[Application.Entity.GrupoTrabajo|+id;nombre;descripcion;fecha_creacion;fecha_modificado;estado]-usuario_c 1>[Application.Entity.User|+id;username;email;displayName;password;estado],[Application.Entity.GrupoTrabajo|+id;nombre;descripcion;fecha_creacion;fecha_modificado;estado]-usuario_m 1>[Application.Entity.User|+id;username;email;displayName;password;estado],[Application.Entity.GrupoTrabajo|+id;nombre;descripcion;fecha_creacion;fecha_modificado;estado]<grupo 1-usuario *<>[Application.Entity.UserGrupoTrabajoReference|+id],[Application.Entity.Boletin|+id;titulo;fecha_creacion;fecha_modificado;estado]-usuario_c 1>[Application.Entity.User|+id;username;email;displayName;password;estado],[Application.Entity.Boletin|+id;titulo;fecha_creacion;fecha_modificado;estado]-usuario_m 1>[Application.Entity.User|+id;username;email;displayName;password;estado],[Application.Entity.Boletin|+id;titulo;fecha_creacion;fecha_modificado;estado]<>grupo *-grupo 1>[Application.Entity.GrupoTrabajo|+id;nombre;descripcion;fecha_creacion;fecha_modificado;estado],[Application.Entity.Boletin|+id;titulo;fecha_creacion;fecha_modificado;estado]<boletin 1-boletin *<>[Application.Entity.NoticiaBoletinReference|+id;posicion],[Application.Entity.Boletin|+id;titulo;fecha_creacion;fecha_modificado;estado]<boletin 1-noticia *<>[Application.Entity.NoticiaBoletinReference|+id;posicion],[Application.Entity.Boletin|+id;titulo;fecha_creacion;fecha_modificado;estado]-plantilla 1>[Application.Entity.Plantilla|+id;nombre;descripcion;estado;ruta],[Application.Entity.Noticia|+id;tipo;titulo;cuerpo;fecha_creacion;fecha_modificado;estado]-usuario_c 1>[Application.Entity.User|+id;username;email;displayName;password;estado],[Application.Entity.Noticia|+id;tipo;titulo;cuerpo;fecha_creacion;fecha_modificado;estado]-usuario_m 1>[Application.Entity.User|+id;username;email;displayName;password;estado],[Application.Entity.Noticia|+id;tipo;titulo;cuerpo;fecha_creacion;fecha_modificado;estado]<>grupo *-grupo 1>[Application.Entity.GrupoTrabajo|+id;nombre;descripcion;fecha_creacion;fecha_modificado;estado],[Application.Entity.Noticia|+id;tipo;titulo;cuerpo;fecha_creacion;fecha_modificado;estado]<noticia 1-noticia *<>[Application.Entity.NoticiaBoletinReference|+id;posicion]

2013-08-22T11:41:31-03:00 ALERT (1): A possible attack has been detected by ZeSecurity IDS:
IP: 127.0.0.1
Date: 2013-08-22T11:41:31-03:00
URI: /ocra_service_manager_yuml
Tags: xss csrf id rfe sqli
Actions taken: log, redirect
Origin: 127.0.0.1
Raised By:
POST.dsl_text=[Application.Entity.Role|+id;roleId]-parent 1>[Application.Entity.Role|+id;roleId],[Application.Entity.User|+id;username;email;displayName;password;estado]-roles *>[Application.Entity.Role|+id;roleId],[Application.Entity.User|+id;username;email;displayName;password;estado]<usuario 1-usuario *<>[Application.Entity.UserGrupoTrabajoReference|+id],[Application.Entity.User|+id;username;email;displayName;password;estado]<usuario 1-grupos *<>[Application.Entity.UserGrupoTrabajoReference|+id],[Application.Entity.UserGrupoTrabajoReference|+id]<>grupo *-grupo 1>[Application.Entity.GrupoTrabajo|+id;nombre;descripcion;fecha_creacion;fecha_modificado;estado],[Application.Entity.GrupoTrabajo|+id;nombre;descripcion;fecha_creacion;fecha_modificado;estado]-usuario_c 1>[Application.Entity.User|+id;username;email;displayName;password;estado],[Application.Entity.GrupoTrabajo|+id;nombre;descripcion;fecha_creacion;fecha_modificado;estado]-usuario_m 1>[Application.Entity.User|+id;username;email;displayName;password;estado],[Application.Entity.GrupoTrabajo|+id;nombre;descripcion;fecha_creacion;fecha_modificado;estado]<grupo 1-usuario *<>[Application.Entity.UserGrupoTrabajoReference|+id],[Application.Entity.Boletin|+id;titulo;fecha_creacion;fecha_modificado;estado]-usuario_c 1>[Application.Entity.User|+id;username;email;displayName;password;estado],[Application.Entity.Boletin|+id;titulo;fecha_creacion;fecha_modificado;estado]-usuario_m 1>[Application.Entity.User|+id;username;email;displayName;password;estado],[Application.Entity.Boletin|+id;titulo;fecha_creacion;fecha_modificado;estado]<>grupo *-grupo 1>[Application.Entity.GrupoTrabajo|+id;nombre;descripcion;fecha_creacion;fecha_modificado;estado],[Application.Entity.Boletin|+id;titulo;fecha_creacion;fecha_modificado;estado]<boletin 1-boletin *<>[Application.Entity.NoticiaBoletinReference|+id;posicion],[Application.Entity.Boletin|+id;titulo;fecha_creacion;fecha_modificado;estado]<boletin 1-noticia *<>[Application.Entity.NoticiaBoletinReference|+id;posicion],[Application.Entity.Boletin|+id;titulo;fecha_creacion;fecha_modificado;estado]-plantilla 1>[Application.Entity.Plantilla|+id;nombre;descripcion;estado;ruta],[Application.Entity.Noticia|+id;tipo;titulo;cuerpo;fecha_creacion;fecha_modificado;estado]-usuario_c 1>[Application.Entity.User|+id;username;email;displayName;password;estado],[Application.Entity.Noticia|+id;tipo;titulo;cuerpo;fecha_creacion;fecha_modificado;estado]-usuario_m 1>[Application.Entity.User|+id;username;email;displayName;password;estado],[Application.Entity.Noticia|+id;tipo;titulo;cuerpo;fecha_creacion;fecha_modificado;estado]<>grupo *-grupo 1>[Application.Entity.GrupoTrabajo|+id;nombre;descripcion;fecha_creacion;fecha_modificado;estado],[Application.Entity.Noticia|+id;tipo;titulo;cuerpo;fecha_creacion;fecha_modificado;estado]<noticia 1-noticia *<>[Application.Entity.NoticiaBoletinReference|+id;posicion]

2013-08-22T11:41:51-03:00 ALERT (1): A possible attack has been detected by ZeSecurity IDS:
IP: 127.0.0.1
Date: 2013-08-22T11:41:51-03:00
URI: /ocra_service_manager_yuml
Tags: xss csrf id rfe sqli
Actions taken: log, notify, clean_session, redirect
Origin: 127.0.0.1
Raised By:
POST.dsl_text=[Application.Entity.Role|+id;roleId]-parent 1>[Application.Entity.Role|+id;roleId],[Application.Entity.User|+id;username;email;displayName;password;estado]-roles *>[Application.Entity.Role|+id;roleId],[Application.Entity.User|+id;username;email;displayName;password;estado]<usuario 1-usuario *<>[Application.Entity.UserGrupoTrabajoReference|+id],[Application.Entity.User|+id;username;email;displayName;password;estado]<usuario 1-grupos *<>[Application.Entity.UserGrupoTrabajoReference|+id],[Application.Entity.UserGrupoTrabajoReference|+id]<>grupo *-grupo 1>[Application.Entity.GrupoTrabajo|+id;nombre;descripcion;fecha_creacion;fecha_modificado;estado],[Application.Entity.GrupoTrabajo|+id;nombre;descripcion;fecha_creacion;fecha_modificado;estado]-usuario_c 1>[Application.Entity.User|+id;username;email;displayName;password;estado],[Application.Entity.GrupoTrabajo|+id;nombre;descripcion;fecha_creacion;fecha_modificado;estado]-usuario_m 1>[Application.Entity.User|+id;username;email;displayName;password;estado],[Application.Entity.GrupoTrabajo|+id;nombre;descripcion;fecha_creacion;fecha_modificado;estado]<grupo 1-usuario *<>[Application.Entity.UserGrupoTrabajoReference|+id],[Application.Entity.Boletin|+id;titulo;fecha_creacion;fecha_modificado;estado]-usuario_c 1>[Application.Entity.User|+id;username;email;displayName;password;estado],[Application.Entity.Boletin|+id;titulo;fecha_creacion;fecha_modificado;estado]-usuario_m 1>[Application.Entity.User|+id;username;email;displayName;password;estado],[Application.Entity.Boletin|+id;titulo;fecha_creacion;fecha_modificado;estado]<>grupo *-grupo 1>[Application.Entity.GrupoTrabajo|+id;nombre;descripcion;fecha_creacion;fecha_modificado;estado],[Application.Entity.Boletin|+id;titulo;fecha_creacion;fecha_modificado;estado]<boletin 1-boletin *<>[Application.Entity.NoticiaBoletinReference|+id;posicion],[Application.Entity.Boletin|+id;titulo;fecha_creacion;fecha_modificado;estado]<boletin 1-noticia *<>[Application.Entity.NoticiaBoletinReference|+id;posicion],[Application.Entity.Boletin|+id;titulo;fecha_creacion;fecha_modificado;estado]-plantilla 1>[Application.Entity.Plantilla|+id;nombre;descripcion;estado;ruta],[Application.Entity.Noticia|+id;tipo;titulo;cuerpo;fecha_creacion;fecha_modificado;estado]-usuario_c 1>[Application.Entity.User|+id;username;email;displayName;password;estado],[Application.Entity.Noticia|+id;tipo;titulo;cuerpo;fecha_creacion;fecha_modificado;estado]-usuario_m 1>[Application.Entity.User|+id;username;email;displayName;password;estado],[Application.Entity.Noticia|+id;tipo;titulo;cuerpo;fecha_creacion;fecha_modificado;estado]<>grupo *-grupo 1>[Application.Entity.GrupoTrabajo|+id;nombre;descripcion;fecha_creacion;fecha_modificado;estado],[Application.Entity.Noticia|+id;tipo;titulo;cuerpo;fecha_creacion;fecha_modificado;estado]<noticia 1-noticia *<>[Application.Entity.NoticiaBoletinReference|+id;posicion]

2013-08-22T11:44:21-03:00 ALERT (1): A possible attack has been detected by ZeSecurity IDS:
IP: 127.0.0.1
Date: 2013-08-22T11:44:21-03:00
URI: /ocra_service_manager_yuml
Tags: xss csrf id rfe sqli
Actions taken: log
Origin: 127.0.0.1
Raised By:
POST.dsl_text=[Application.Entity.Role|+id;roleId]-parent 1>[Application.Entity.Role|+id;roleId],[Application.Entity.Boletin|+id;titulo;fecha_creacion;fecha_modificado;estado]-usuario_c 1>[Application.Entity.User|+id;username;email;displayName;password;estado],[Application.Entity.Boletin|+id;titulo;fecha_creacion;fecha_modificado;estado]-usuario_m 1>[Application.Entity.User|+id;username;email;displayName;password;estado],[Application.Entity.Boletin|+id;titulo;fecha_creacion;fecha_modificado;estado]<>grupo *-grupo 1>[Application.Entity.GrupoTrabajo|+id;nombre;descripcion;fecha_creacion;fecha_modificado;estado],[Application.Entity.Boletin|+id;titulo;fecha_creacion;fecha_modificado;estado]<boletin 1-boletin *<>[Application.Entity.NoticiaBoletinReference|+id;posicion],[Application.Entity.Boletin|+id;titulo;fecha_creacion;fecha_modificado;estado]<boletin 1-noticia *<>[Application.Entity.NoticiaBoletinReference|+id;posicion],[Application.Entity.Boletin|+id;titulo;fecha_creacion;fecha_modificado;estado]-plantilla 1>[Application.Entity.Plantilla|+id;nombre;descripcion;estado;ruta],[Application.Entity.GrupoTrabajo|+id;nombre;descripcion;fecha_creacion;fecha_modificado;estado]-usuario_c 1>[Application.Entity.User|+id;username;email;displayName;password;estado],[Application.Entity.GrupoTrabajo|+id;nombre;descripcion;fecha_creacion;fecha_modificado;estado]-usuario_m 1>[Application.Entity.User|+id;username;email;displayName;password;estado],[Application.Entity.GrupoTrabajo|+id;nombre;descripcion;fecha_creacion;fecha_modificado;estado]<grupo 1-usuario *<>[Application.Entity.UserGrupoTrabajoReference|+id],[Application.Entity.Noticia|+id;tipo;titulo;cuerpo;fecha_creacion;fecha_modificado;estado]-usuario_c 1>[Application.Entity.User|+id;username;email;displayName;password;estado],[Application.Entity.Noticia|+id;tipo;titulo;cuerpo;fecha_creacion;fecha_modificado;estado]-usuario_m 1>[Application.Entity.User|+id;username;email;displayName;password;estado],[Application.Entity.Noticia|+id;tipo;titulo;cuerpo;fecha_creacion;fecha_modificado;estado]<>grupo *-grupo 1>[Application.Entity.GrupoTrabajo|+id;nombre;descripcion;fecha_creacion;fecha_modificado;estado],[Application.Entity.Noticia|+id;tipo;titulo;cuerpo;fecha_creacion;fecha_modificado;estado]<noticia 1-noticia *<>[Application.Entity.NoticiaBoletinReference|+id;posicion],[Application.Entity.User|+id;username;email;displayName;password;estado]-roles *>[Application.Entity.Role|+id;roleId],[Application.Entity.User|+id;username;email;displayName;password;estado]<usuario 1-usuario *<>[Application.Entity.UserGrupoTrabajoReference|+id],[Application.Entity.User|+id;username;email;displayName;password;estado]<usuario 1-grupos *<>[Application.Entity.UserGrupoTrabajoReference|+id]

2013-09-27T16:12:37-03:00 ALERT (1): A possible attack has been detected by ZeSecurity IDS:
IP: 127.0.0.1
Date: 2013-09-27T16:12:37-03:00
URI: /invitaciones/crear
Tags: xss csrf sqli id lfi
Actions taken: log
Origin: 127.0.0.1
Raised By:
POST.invitaciones.mensaje=<p>sadsadsadasdasdasdsadasdasdsadasdasd</p>
<p>sadasd</p>
<p>asd</p>
<p style="text-align: justify;">asdasdasdasdasdsadadas</p>

2013-09-27T16:16:28-03:00 ALERT (1): A possible attack has been detected by ZeSecurity IDS:
IP: 127.0.0.1
Date: 2013-09-27T16:16:28-03:00
URI: /invitaciones/crear
Tags: xss csrf id rfe lfi
Actions taken: log, redirect
Origin: 127.0.0.1
Raised By:
POST.invitaciones.mensaje=<p><span class="bold">    $entityManager-&gt;persist($participantes);<br />                <br />                $entityManager-&gt;flush();    $entityManager-&gt;persist($participantes);<br />                <br />                $entityManager-&gt;flush();</span></p>

2013-09-30T16:33:17-03:00 ALERT (1): A possible attack has been detected by ZeSecurity IDS:
IP: 127.0.0.1
Date: 2013-09-30T16:33:17-03:00
URI: /ocra_service_manager_yuml
Tags: xss csrf id rfe sqli
Actions taken: log, redirect
Origin: 127.0.0.1
Raised By:
POST.dsl_text=[Eventius.Entity.Evento|+id;nombre;slug;lugar;inicio;fin;fecha_creacion;fecha_modificado;estado;cierre]-organizador 1>[Eventius.Entity.Organizador|+id;nombre;contacto;telefono;email;fecha_creacion;fecha_modificado;estado],[Eventius.Entity.Evento|+id;nombre;slug;lugar;inicio;fin;fecha_creacion;fecha_modificado;estado;cierre]-usuario_c 1>[Application.Entity.User|+id;username;email;displayName;password;estado],[Eventius.Entity.Evento|+id;nombre;slug;lugar;inicio;fin;fecha_creacion;fecha_modificado;estado;cierre]-usuario_m 1>[Application.Entity.User|+id;username;email;displayName;password;estado],[Eventius.Entity.Organizador|+id;nombre;contacto;telefono;email;fecha_creacion;fecha_modificado;estado]-usuario_c 1>[Application.Entity.User|+id;username;email;displayName;password;estado],[Eventius.Entity.Organizador|+id;nombre;contacto;telefono;email;fecha_creacion;fecha_modificado;estado]-usuario_m 1>[Application.Entity.User|+id;username;email;displayName;password;estado],[Eventius.Entity.Participante|+id;participante;fecha;estado]-evento 1>[Eventius.Entity.Evento|+id;nombre;slug;lugar;inicio;fin;fecha_creacion;fecha_modificado;estado;cierre],[Eventius.Entity.Certificacion|+id;dni;nombre;apellido;categoria;email;ruta;estado],[Eventius.Entity.Invitacion|+id;nombre;asunto;mensaje;destinatarios;fecha_creacion;fecha_modificado;estado]-evento 1>[Eventius.Entity.Evento|+id;nombre;slug;lugar;inicio;fin;fecha_creacion;fecha_modificado;estado;cierre],[Eventius.Entity.Invitacion|+id;nombre;asunto;mensaje;destinatarios;fecha_creacion;fecha_modificado;estado]-usuario_c 1>[Application.Entity.User|+id;username;email;displayName;password;estado],[Eventius.Entity.Invitacion|+id;nombre;asunto;mensaje;destinatarios;fecha_creacion;fecha_modificado;estado]-usuario_m 1>[Application.Entity.User|+id;username;email;displayName;password;estado],[Application.Entity.Role|+id;roleId]-parent 1>[Application.Entity.Role|+id;roleId],[Application.Entity.User|+id;username;email;displayName;password;estado]-roles *>[Application.Entity.Role|+id;roleId],[Application.Entity.User|+id;username;email;displayName;password;estado]<usuario 1-usuario *<>[Application.Entity.UserGrupoTrabajoReference|+id],[Application.Entity.User|+id;username;email;displayName;password;estado]<usuario 1-grupos *<>[Application.Entity.UserGrupoTrabajoReference|+id],[Application.Entity.UserGrupoTrabajoReference|+id]<>grupo *-grupo 1>[Application.Entity.GrupoTrabajo|+id;nombre;descripcion;fecha_creacion;fecha_modificado;estado],[Application.Entity.GrupoTrabajo|+id;nombre;descripcion;fecha_creacion;fecha_modificado;estado]-usuario_c 1>[Application.Entity.User|+id;username;email;displayName;password;estado],[Application.Entity.GrupoTrabajo|+id;nombre;descripcion;fecha_creacion;fecha_modificado;estado]-usuario_m 1>[Application.Entity.User|+id;username;email;displayName;password;estado],[Application.Entity.GrupoTrabajo|+id;nombre;descripcion;fecha_creacion;fecha_modificado;estado]<grupo 1-usuario *<>[Application.Entity.UserGrupoTrabajoReference|+id],[Application.Entity.Boletin|+id;titulo;fecha_creacion;fecha_modificado;estado]-usuario_c 1>[Application.Entity.User|+id;username;email;displayName;password;estado],[Application.Entity.Boletin|+id;titulo;fecha_creacion;fecha_modificado;estado]-usuario_m 1>[Application.Entity.User|+id;username;email;displayName;password;estado],[Application.Entity.Boletin|+id;titulo;fecha_creacion;fecha_modificado;estado]<>grupo *-grupo 1>[Application.Entity.GrupoTrabajo|+id;nombre;descripcion;fecha_creacion;fecha_modificado;estado],[Application.Entity.Boletin|+id;titulo;fecha_creacion;fecha_modificado;estado]<boletin 1-boletin *<>[Application.Entity.NoticiaBoletinReference|+id;posicion],[Application.Entity.Boletin|+id;titulo;fecha_creacion;fecha_modificado;estado]<boletin 1-noticia *<>[Application.Entity.NoticiaBoletinReference|+id;posicion],[Application.Entity.Boletin|+id;titulo;fecha_creacion;fecha_modificado;estado]-plantilla 1>[Application.Entity.Plantilla|+id;nombre;descripcion;estado;ruta],[Application.Entity.Noticia|+id;tipo;titulo;cuerpo;fecha_creacion;fecha_modificado;estado]-usuario_c 1>[Application.Entity.User|+id;username;email;displayName;password;estado],[Application.Entity.Noticia|+id;tipo;titulo;cuerpo;fecha_creacion;fecha_modificado;estado]-usuario_m 1>[Application.Entity.User|+id;username;email;displayName;password;estado],[Application.Entity.Noticia|+id;tipo;titulo;cuerpo;fecha_creacion;fecha_modificado;estado]<>grupo *-grupo 1>[Application.Entity.GrupoTrabajo|+id;nombre;descripcion;fecha_creacion;fecha_modificado;estado],[Application.Entity.Noticia|+id;tipo;titulo;cuerpo;fecha_creacion;fecha_modificado;estado]<noticia 1-noticia *<>[Application.Entity.NoticiaBoletinReference|+id;posicion]

